\BOOKMARK [1][-]{section.1}{\376\377\000F\000o\000r\000m\000a\000l\000\040\000S\000y\000s\000t\000e\000m\000s}{}% 1
\BOOKMARK [2][-]{subsection.1.1}{}{section.1}% 2
\BOOKMARK [2][-]{subsection.1.2}{}{section.1}% 3
\BOOKMARK [2][-]{subsection.1.3}{}{section.1}% 4
\BOOKMARK [2][-]{subsection.1.4}{}{section.1}% 5
\BOOKMARK [2][-]{subsection.1.5}{}{section.1}% 6
\BOOKMARK [2][-]{subsection.1.6}{}{section.1}% 7
\BOOKMARK [1][-]{section.2}{\376\377\000M\000o\000d\000u\000l\000a\000r\000\040\000A\000r\000i\000t\000h\000m\000e\000t\000i\000c}{}% 8
\BOOKMARK [2][-]{subsection.2.1}{}{section.2}% 9
\BOOKMARK [2][-]{subsection.2.2}{}{section.2}% 10
\BOOKMARK [2][-]{subsection.2.3}{}{section.2}% 11
\BOOKMARK [2][-]{subsection.2.4}{}{section.2}% 12
\BOOKMARK [2][-]{subsection.2.5}{}{section.2}% 13
\BOOKMARK [2][-]{subsection.2.6}{}{section.2}% 14
\BOOKMARK [2][-]{subsection.2.7}{}{section.2}% 15
\BOOKMARK [2][-]{subsection.2.8}{}{section.2}% 16
\BOOKMARK [2][-]{subsection.2.9}{}{section.2}% 17
\BOOKMARK [1][-]{section.3}{\376\377\000N\000u\000m\000b\000e\000r\000\040\000S\000y\000s\000t\000e\000m\000s}{}% 18
\BOOKMARK [2][-]{subsection.3.1}{}{section.3}% 19
\BOOKMARK [2][-]{subsection.3.2}{}{section.3}% 20
\BOOKMARK [2][-]{subsection.3.3}{}{section.3}% 21
\BOOKMARK [2][-]{subsection.3.4}{}{section.3}% 22
\BOOKMARK [2][-]{subsection.3.5}{}{section.3}% 23
\BOOKMARK [2][-]{subsection.3.6}{}{section.3}% 24
\BOOKMARK [2][-]{subsection.3.7}{}{section.3}% 25
\BOOKMARK [2][-]{subsection.3.8}{}{section.3}% 26
\BOOKMARK [2][-]{subsection.3.9}{}{section.3}% 27
\BOOKMARK [1][-]{section.4}{\376\377\000S\000e\000q\000u\000e\000n\000c\000e\000s\000\040\000a\000n\000d\000\040\000S\000u\000m\000m\000a\000t\000i\000o\000n}{}% 28
\BOOKMARK [2][-]{subsection.4.1}{}{section.4}% 29
\BOOKMARK [2][-]{subsection.4.2}{}{section.4}% 30
\BOOKMARK [2][-]{subsection.4.3}{}{section.4}% 31
\BOOKMARK [2][-]{subsection.4.4}{}{section.4}% 32
\BOOKMARK [2][-]{subsection.4.5}{}{section.4}% 33
\BOOKMARK [2][-]{subsection.4.6}{}{section.4}% 34
\BOOKMARK [2][-]{subsection.4.7}{}{section.4}% 35
\BOOKMARK [1][-]{section.5}{\376\377\000P\000r\000o\000p\000o\000s\000i\000t\000i\000o\000n\000a\000l\000\040\000L\000o\000g\000i\000c}{}% 36
\BOOKMARK [2][-]{subsection.5.1}{}{section.5}% 37
\BOOKMARK [2][-]{subsection.5.2}{}{section.5}% 38
\BOOKMARK [2][-]{subsection.5.3}{}{section.5}% 39
\BOOKMARK [2][-]{subsection.5.4}{}{section.5}% 40
\BOOKMARK [2][-]{subsection.5.5}{}{section.5}% 41
\BOOKMARK [2][-]{subsection.5.6}{}{section.5}% 42
\BOOKMARK [2][-]{subsection.5.7}{}{section.5}% 43
\BOOKMARK [1][-]{section.6}{\376\377\000S\000e\000t\000\040\000T\000h\000e\000o\000r\000y}{}% 44
\BOOKMARK [2][-]{subsection.6.1}{}{section.6}% 45
\BOOKMARK [2][-]{subsection.6.2}{}{section.6}% 46
\BOOKMARK [2][-]{subsection.6.3}{}{section.6}% 47
\BOOKMARK [2][-]{subsection.6.4}{}{section.6}% 48
\BOOKMARK [2][-]{subsection.6.5}{}{section.6}% 49
\BOOKMARK [2][-]{subsection.6.6}{}{section.6}% 50
\BOOKMARK [1][-]{section.8}{\376\377\000S\000e\000t\000\040\000T\000h\000e\000o\000r\000y\000\040\0002}{}% 51
\BOOKMARK [2][-]{subsection.8.1}{}{section.8}% 52
\BOOKMARK [2][-]{subsection.8.2}{}{section.8}% 53
\BOOKMARK [2][-]{subsection.8.3}{}{section.8}% 54
\BOOKMARK [2][-]{subsection.8.4}{}{section.8}% 55
\BOOKMARK [2][-]{subsection.8.5}{}{section.8}% 56
\BOOKMARK [2][-]{subsection.8.6}{}{section.8}% 57
\BOOKMARK [2][-]{subsection.8.7}{}{section.8}% 58
\BOOKMARK [1][-]{section.9}{\376\377\000G\000r\000a\000p\000h\000\040\000T\000h\000e\000o\000r\000y}{}% 59
\BOOKMARK [2][-]{subsection.9.1}{}{section.9}% 60
\BOOKMARK [2][-]{subsection.9.2}{}{section.9}% 61
\BOOKMARK [2][-]{subsection.9.3}{}{section.9}% 62
\BOOKMARK [2][-]{subsection.9.4}{}{section.9}% 63
\BOOKMARK [1][-]{section.10}{\376\377\000P\000r\000o\000b\000a\000b\000i\000l\000i\000t\000y}{}% 64
\BOOKMARK [2][-]{subsection.10.1}{}{section.10}% 65
\BOOKMARK [2][-]{subsection.10.2}{}{section.10}% 66
\BOOKMARK [2][-]{subsection.10.3}{}{section.10}% 67
\BOOKMARK [2][-]{subsection.10.4}{}{section.10}% 68
\BOOKMARK [2][-]{subsection.10.5}{}{section.10}% 69
\BOOKMARK [2][-]{subsection.10.6}{}{section.10}% 70
\BOOKMARK [2][-]{subsection.10.7}{}{section.10}% 71
\BOOKMARK [2][-]{subsection.10.8}{}{section.10}% 72
\BOOKMARK [1][-]{section.12}{\376\377\000D\000e\000s\000c\000r\000i\000p\000t\000i\000v\000e\000\040\000S\000t\000a\000t\000i\000s\000t\000i\000c\000s}{}% 73
\BOOKMARK [2][-]{subsection.12.1}{}{section.12}% 74
\BOOKMARK [2][-]{subsection.12.2}{}{section.12}% 75
\BOOKMARK [2][-]{subsection.12.3}{}{section.12}% 76
\BOOKMARK [2][-]{subsection.12.4}{}{section.12}% 77
\BOOKMARK [2][-]{subsection.12.5}{}{section.12}% 78
\BOOKMARK [2][-]{subsection.12.6}{}{section.12}% 79
\BOOKMARK [2][-]{subsection.12.7}{}{section.12}% 80
\BOOKMARK [2][-]{subsection.12.8}{}{section.12}% 81
\BOOKMARK [2][-]{subsection.12.9}{}{section.12}% 82
